c:\documents\mathématique\moteur physique\repo\sources\release\vc143.pdb
c:\documents\mathématique\moteur physique\repo\sources\release\aabb.nativecodeanalysis.sarif
c:\documents\mathématique\moteur physique\repo\sources\release\aabb.nativecodeanalysis.xml
c:\documents\mathématique\moteur physique\repo\sources\release\fluidsystem.nativecodeanalysis.sarif
c:\documents\mathématique\moteur physique\repo\sources\release\fluidsystem.nativecodeanalysis.xml
c:\documents\mathématique\moteur physique\repo\sources\release\globject.nativecodeanalysis.sarif
c:\documents\mathématique\moteur physique\repo\sources\release\globject.nativecodeanalysis.xml
c:\documents\mathématique\moteur physique\repo\sources\release\inertiatensor.nativecodeanalysis.sarif
c:\documents\mathématique\moteur physique\repo\sources\release\inertiatensor.nativecodeanalysis.xml
c:\documents\mathématique\moteur physique\repo\sources\release\main.nativecodeanalysis.sarif
c:\documents\mathématique\moteur physique\repo\sources\release\main.nativecodeanalysis.xml
c:\documents\mathématique\moteur physique\repo\sources\release\globalevariables.nativecodeanalysis.sarif
c:\documents\mathématique\moteur physique\repo\sources\release\globalevariables.nativecodeanalysis.xml
c:\documents\mathématique\moteur physique\repo\sources\release\maths.nativecodeanalysis.sarif
c:\documents\mathématique\moteur physique\repo\sources\release\maths.nativecodeanalysis.xml
c:\documents\mathématique\moteur physique\repo\sources\release\physicengine.nativecodeanalysis.sarif
c:\documents\mathématique\moteur physique\repo\sources\release\physicengine.nativecodeanalysis.xml
c:\documents\mathématique\moteur physique\repo\sources\release\polygon.nativecodeanalysis.sarif
c:\documents\mathématique\moteur physique\repo\sources\release\polygon.nativecodeanalysis.xml
c:\documents\mathématique\moteur physique\repo\sources\release\renderer.nativecodeanalysis.sarif
c:\documents\mathématique\moteur physique\repo\sources\release\renderer.nativecodeanalysis.xml
c:\documents\mathématique\moteur physique\repo\sources\release\scenemanager.nativecodeanalysis.sarif
c:\documents\mathématique\moteur physique\repo\sources\release\scenemanager.nativecodeanalysis.xml
c:\documents\mathématique\moteur physique\repo\sources\release\sdlrenderwindow.nativecodeanalysis.sarif
c:\documents\mathématique\moteur physique\repo\sources\release\sdlrenderwindow.nativecodeanalysis.xml
c:\documents\mathématique\moteur physique\repo\sources\release\timer.nativecodeanalysis.sarif
c:\documents\mathématique\moteur physique\repo\sources\release\timer.nativecodeanalysis.xml
c:\documents\mathématique\moteur physique\repo\sources\release\stdafx.nativecodeanalysis.sarif
c:\documents\mathématique\moteur physique\repo\sources\release\stdafx.nativecodeanalysis.xml
c:\documents\mathématique\moteur physique\repo\sources\release\world.nativecodeanalysis.sarif
c:\documents\mathématique\moteur physique\repo\sources\release\world.nativecodeanalysis.xml
c:\documents\mathématique\moteur physique\repo\sources\release\world.obj
c:\documents\mathématique\moteur physique\repo\sources\release\stdafx.obj
c:\documents\mathématique\moteur physique\repo\sources\release\timer.obj
c:\documents\mathématique\moteur physique\repo\sources\release\sdlrenderwindow.obj
c:\documents\mathématique\moteur physique\repo\sources\release\scenemanager.obj
c:\documents\mathématique\moteur physique\repo\sources\release\renderer.obj
c:\documents\mathématique\moteur physique\repo\sources\release\polygon.obj
c:\documents\mathématique\moteur physique\repo\sources\release\physicengine.obj
c:\documents\mathématique\moteur physique\repo\sources\release\maths.obj
c:\documents\mathématique\moteur physique\repo\sources\release\globalevariables.obj
c:\documents\mathématique\moteur physique\repo\sources\release\main.obj
c:\documents\mathématique\moteur physique\repo\sources\release\inertiatensor.obj
c:\documents\mathématique\moteur physique\repo\sources\release\globject.obj
c:\documents\mathématique\moteur physique\repo\sources\release\fluidsystem.obj
c:\documents\mathématique\moteur physique\repo\sources\release\aabb.obj
c:\documents\mathématique\moteur physique\repo\bin\release\collisionengine.exe
c:\documents\mathématique\moteur physique\repo\sources\release\collisionengine.ipdb
c:\documents\mathématique\moteur physique\repo\sources\release\collisionengine.iobj
c:\documents\mathématique\moteur physique\repo\bin\release\collisionengine.pdb
c:\documents\mathématique\moteur physique\repo\sources\release\vc.nativecodeanalysis.all.xml
c:\documents\mathématique\moteur physique\repo\\bin\release\collisionengine.pdb
c:\documents\mathématique\moteur physique\repo\sources\release\collisionengine.tlog\cl.command.1.tlog
c:\documents\mathématique\moteur physique\repo\sources\release\collisionengine.tlog\cl.read.1.tlog
c:\documents\mathématique\moteur physique\repo\sources\release\collisionengine.tlog\cl.write.1.tlog
c:\documents\mathématique\moteur physique\repo\sources\release\collisionengine.tlog\link.command.1.tlog
c:\documents\mathématique\moteur physique\repo\sources\release\collisionengine.tlog\link.read.1.tlog
c:\documents\mathématique\moteur physique\repo\sources\release\collisionengine.tlog\link.write.1.tlog
