cl : ligne de commande warning D9002: option '/NODEFAULTLIB:libcmt.lib' inconnue ignorée
cl : ligne de commande warning D9002: option '/NODEFAULTLIB:libcmtd.lib' inconnue ignorée
cl : ligne de commande warning D9002: option '/NODEFAULTLIB:msvcrtd.lib' inconnue ignorée
  AABB.cpp
  GLObject.cpp
  PhysicEngine.cpp
  Polygon.cpp
  Renderer.cpp
  SceneManager.cpp
  World.cpp
C:\Documents\Mathématique\Moteur Physique\repo\SOURCES\World.cpp(51,62): warning C4244: 'argument' : conversion de 'const size_t' en 'float', perte possible de données
C:\Documents\Mathématique\Moteur Physique\repo\SOURCES\World.cpp(51,44): warning C4244: 'argument' : conversion de 'const size_t' en 'float', perte possible de données
  main.cpp
libdrawtext.lib(drawgl.obj) : warning LNK4075: ' /EDITANDCONTINUE' ignoré à cause de la spécification '/OPT:ICF'
LINK : warning LNK4098: conflit entre la bibliothèque par défaut 'MSVCRTD' et les autres bibliothèques ; utilisez /NODEFAULTLIB:library
  Génération de code en cours
  Previous IPDB and IOBJ mismatch, fall back to full compilation.
C:\Documents\Mathématique\Moteur Physique\repo\SOURCES\AABB.h(27): warning C4172: retourne l'adresse d'une variable locale ou  temporaire
C:\Documents\Mathématique\Moteur Physique\repo\SOURCES\AABB.h(32): warning C4172: retourne l'adresse d'une variable locale ou  temporaire
  All 1009 functions were compiled because no usable IPDB/IOBJ from previous compilation was found.
  Fin de la génération du code
LINK : warning LNK4286: le symbole '___iob_func' défini dans '* CIL library *(* CIL module *)' est importé par 'libdrawtext.lib(font.obj)'
  CollisionEngine.vcxproj -> C:\Documents\Mathématique\Moteur Physique\repo\BIN\Release\CollisionEngine.exe
